# JRE version: 7.0_11-b21
# Java VM: Java HotSpot(TM) 64-Bit Server VM (23.6-b04 mixed mode windows-amd64 compressed oops)
Heap
 PSYoungGen      total 50496K, used 13162K [0x00000000fa000000, 0x00000000fe0b0000, 0x0000000100000000)
  eden space 35008K, 13% used [0x00000000fa000000,0x00000000fa4a1530,0x00000000fc230000)
  from space 15488K, 54% used [0x00000000fd190000,0x00000000fd9c9470,0x00000000fe0b0000)
  to   space 15616K, 0% used [0x00000000fc230000,0x00000000fc230000,0x00000000fd170000)
 ParOldGen       total 130560K, used 66021K [0x00000000e8000000, 0x00000000eff80000, 0x00000000fa000000)
  object space 130560K, 50% used [0x00000000e8000000,0x00000000ec079558,0x00000000eff80000)
 PSPermGen       total 113728K, used 71721K [0x00000000e0000000, 0x00000000e6f10000, 0x00000000e8000000)
  object space 113728K, 63% used [0x00000000e0000000,0x00000000e460a618,0x00000000e6f10000)
GC Heap History (10 events):
Event: 57191.304 GC heap before
{Heap before GC invocations=122 (full 4):
 PSYoungGen      total 36544K, used 36516K [0x00000000fa000000, 0x00000000fe460000, 0x0000000100000000)
  eden space 32640K, 100% used [0x00000000fa000000,0x00000000fbfe0000,0x00000000fbfe0000)
  from space 3904K, 99% used [0x00000000fbfe0000,0x00000000fc3a9378,0x00000000fc3b0000)
  to   space 18240K, 0% used [0x00000000fd290000,0x00000000fd290000,0x00000000fe460000)
 ParOldGen       total 130560K, used 66021K [0x00000000e8000000, 0x00000000eff80000, 0x00000000fa000000)
  object space 130560K, 50% used [0x00000000e8000000,0x00000000ec079558,0x00000000eff80000)
 PSPermGen       total 113728K, used 70818K [0x00000000e0000000, 0x00000000e6f10000, 0x00000000e8000000)
  object space 113728K, 62% used [0x00000000e0000000,0x00000000e4528b88,0x00000000e6f10000)
Event: 57191.309 GC heap after
Heap after GC invocations=122 (full 4):
 PSYoungGen      total 49344K, used 4813K [0x00000000fa000000, 0x00000000fe220000, 0x0000000100000000)
  eden space 33408K, 0% used [0x00000000fa000000,0x00000000fa000000,0x00000000fc0a0000)
  from space 15936K, 30% used [0x00000000fd290000,0x00000000fd7435d0,0x00000000fe220000)
  to   space 17152K, 0% used [0x00000000fc0a0000,0x00000000fc0a0000,0x00000000fd160000)
 ParOldGen       total 130560K, used 66021K [0x00000000e8000000, 0x00000000eff80000, 0x00000000fa000000)
  object space 130560K, 50% used [0x00000000e8000000,0x00000000ec079558,0x00000000eff80000)
 PSPermGen       total 113728K, used 70818K [0x00000000e0000000, 0x00000000e6f10000, 0x00000000e8000000)
  object space 113728K, 62% used [0x00000000e0000000,0x00000000e4528b88,0x00000000e6f10000)
}
Event: 57193.655 GC heap before
{Heap before GC invocations=123 (full 4):
 PSYoungGen      total 49344K, used 38221K [0x00000000fa000000, 0x00000000fe220000, 0x0000000100000000)
  eden space 33408K, 100% used [0x00000000fa000000,0x00000000fc0a0000,0x00000000fc0a0000)
  from space 15936K, 30% used [0x00000000fd290000,0x00000000fd7435d0,0x00000000fe220000)
  to   space 17152K, 0% used [0x00000000fc0a0000,0x00000000fc0a0000,0x00000000fd160000)
 ParOldGen       total 130560K, used 66021K [0x00000000e8000000, 0x00000000eff80000, 0x00000000fa000000)
  object space 130560K, 50% used [0x00000000e8000000,0x00000000ec079558,0x00000000eff80000)
 PSPermGen       total 113728K, used 71308K [0x00000000e0000000, 0x00000000e6f10000, 0x00000000e8000000)
  object space 113728K, 62% used [0x00000000e0000000,0x00000000e45a30f0,0x00000000e6f10000)
Event: 57193.661 GC heap after
Heap after GC invocations=123 (full 4):
 PSYoungGen      total 39616K, used 6203K [0x00000000fa000000, 0x00000000fe120000, 0x0000000100000000)
  eden space 33408K, 0% used [0x00000000fa000000,0x00000000fa000000,0x00000000fc0a0000)
  from space 6208K, 99% used [0x00000000fc0a0000,0x00000000fc6aef50,0x00000000fc6b0000)
  to   space 16192K, 0% used [0x00000000fd150000,0x00000000fd150000,0x00000000fe120000)
 ParOldGen       total 130560K, used 66021K [0x00000000e8000000, 0x00000000eff80000, 0x00000000fa000000)
  object space 130560K, 50% used [0x00000000e8000000,0x00000000ec079558,0x00000000eff80000)
 PSPermGen       total 113728K, used 71308K [0x00000000e0000000, 0x00000000e6f10000, 0x00000000e8000000)
  object space 113728K, 62% used [0x00000000e0000000,0x00000000e45a30f0,0x00000000e6f10000)
}
Event: 57198.135 GC heap before
{Heap before GC invocations=124 (full 4):
 PSYoungGen      total 39616K, used 39611K [0x00000000fa000000, 0x00000000fe120000, 0x0000000100000000)
  eden space 33408K, 100% used [0x00000000fa000000,0x00000000fc0a0000,0x00000000fc0a0000)
  from space 6208K, 99% used [0x00000000fc0a0000,0x00000000fc6aef50,0x00000000fc6b0000)
  to   space 16192K, 0% used [0x00000000fd150000,0x00000000fd150000,0x00000000fe120000)
 ParOldGen       total 130560K, used 66021K [0x00000000e8000000, 0x00000000eff80000, 0x00000000fa000000)
  object space 130560K, 50% used [0x00000000e8000000,0x00000000ec079558,0x00000000eff80000)
 PSPermGen       total 113728K, used 71670K [0x00000000e0000000, 0x00000000e6f10000, 0x00000000e8000000)
  object space 113728K, 63% used [0x00000000e0000000,0x00000000e45fd838,0x00000000e6f10000)
Event: 57198.143 GC heap after
Heap after GC invocations=124 (full 4):
 PSYoungGen      total 50112K, used 8130K [0x00000000fa000000, 0x00000000fe0d0000, 0x0000000100000000)
  eden space 34240K, 0% used [0x00000000fa000000,0x00000000fa000000,0x00000000fc170000)
  from space 15872K, 51% used [0x00000000fd150000,0x00000000fd940ae0,0x00000000fe0d0000)
  to   space 16064K, 0% used [0x00000000fc170000,0x00000000fc170000,0x00000000fd120000)
 ParOldGen       total 130560K, used 66021K [0x00000000e8000000, 0x00000000eff80000, 0x00000000fa000000)
  object space 130560K, 50% used [0x00000000e8000000,0x00000000ec079558,0x00000000eff80000)
 PSPermGen       total 113728K, used 71670K [0x00000000e0000000, 0x00000000e6f10000, 0x00000000e8000000)
  object space 113728K, 63% used [0x00000000e0000000,0x00000000e45fd838,0x00000000e6f10000)
}
Event: 57208.200 GC heap before
{Heap before GC invocations=125 (full 4):
 PSYoungGen      total 50112K, used 42370K [0x00000000fa000000, 0x00000000fe0d0000, 0x0000000100000000)
  eden space 34240K, 100% used [0x00000000fa000000,0x00000000fc170000,0x00000000fc170000)
  from space 15872K, 51% used [0x00000000fd150000,0x00000000fd940ae0,0x00000000fe0d0000)
  to   space 16064K, 0% used [0x00000000fc170000,0x00000000fc170000,0x00000000fd120000)
 ParOldGen       total 130560K, used 66021K [0x00000000e8000000, 0x00000000eff80000, 0x00000000fa000000)
  object space 130560K, 50% used [0x00000000e8000000,0x00000000ec079558,0x00000000eff80000)
 PSPermGen       total 113728K, used 71705K [0x00000000e0000000, 0x00000000e6f10000, 0x00000000e8000000)
  object space 113728K, 63% used [0x00000000e0000000,0x00000000e46066a8,0x00000000e6f10000)
Event: 57208.209 GC heap after
Heap after GC invocations=125 (full 4):
 PSYoungGen      total 50304K, used 7828K [0x00000000fa000000, 0x00000000fe0f0000, 0x0000000100000000)
  eden space 34240K, 0% used [0x00000000fa000000,0x00000000fa000000,0x00000000fc170000)
  from space 16064K, 48% used [0x00000000fc170000,0x00000000fc9152a0,0x00000000fd120000)
  to   space 15744K, 0% used [0x00000000fd190000,0x00000000fd190000,0x00000000fe0f0000)
 ParOldGen       total 130560K, used 66021K [0x00000000e8000000, 0x00000000eff80000, 0x00000000fa000000)
  object space 130560K, 50% used [0x00000000e8000000,0x00000000ec079558,0x00000000eff80000)
 PSPermGen       total 113728K, used 71705K [0x00000000e0000000, 0x00000000e6f10000, 0x00000000e8000000)
  object space 113728K, 63% used [0x00000000e0000000,0x00000000e46066a8,0x00000000e6f10000)
}
Event: 57216.729 GC heap before
{Heap before GC invocations=126 (full 4):
 PSYoungGen      total 50304K, used 42068K [0x00000000fa000000, 0x00000000fe0f0000, 0x0000000100000000)
  eden space 34240K, 100% used [0x00000000fa000000,0x00000000fc170000,0x00000000fc170000)
  from space 16064K, 48% used [0x00000000fc170000,0x00000000fc9152a0,0x00000000fd120000)
  to   space 15744K, 0% used [0x00000000fd190000,0x00000000fd190000,0x00000000fe0f0000)
 ParOldGen       total 130560K, used 66021K [0x00000000e8000000, 0x00000000eff80000, 0x00000000fa000000)
  object space 130560K, 50% used [0x00000000e8000000,0x00000000ec079558,0x00000000eff80000)
 PSPermGen       total 113728K, used 71720K [0x00000000e0000000, 0x00000000e6f10000, 0x00000000e8000000)
  object space 113728K, 63% used [0x00000000e0000000,0x00000000e460a288,0x00000000e6f10000)
Event: 57216.741 GC heap after
Heap after GC invocations=126 (full 4):
 PSYoungGen      total 50496K, used 8421K [0x00000000fa000000, 0x00000000fe0b0000, 0x0000000100000000)
  eden space 35008K, 0% used [0x00000000fa000000,0x00000000fa000000,0x00000000fc230000)
  from space 15488K, 54% used [0x00000000fd190000,0x00000000fd9c9470,0x00000000fe0b0000)
  to   space 15616K, 0% used [0x00000000fc230000,0x00000000fc230000,0x00000000fd170000)
 ParOldGen       total 130560K, used 66021K [0x00000000e8000000, 0x00000000eff80000, 0x00000000fa000000)
  object space 130560K, 50% used [0x00000000e8000000,0x00000000ec079558,0x00000000eff80000)
 PSPermGen       total 113728K, used 71720K [0x00000000e0000000, 0x00000000e6f10000, 0x00000000e8000000)
  object space 113728K, 63% used [0x00000000e0000000,0x00000000e460a288,0x00000000e6f10000)
}

